<?xml version="1.0" encoding="UTF-8"?>
<testng-results ignored="0" total="1" passed="1" failed="0" skipped="0">
  <reporter-output>
  </reporter-output>
  <suite started-at="2026-06-08T11:44:33 IST" name="Default suite" finished-at="2026-06-08T11:44:37 IST" duration-ms="3255">
    <groups>
    </groups>
    <test started-at="2026-06-08T11:44:33 IST" name="Default test" finished-at="2026-06-08T11:44:37 IST" duration-ms="3255">
      <class name="SampleModulePack.AkshayproKabbadiTest">
        <test-method signature="proKabaddiTest()[pri:0, instance:SampleModulePack.AkshayproKabbadiTest@49e53c76]" started-at="2026-06-08T11:44:33 IST" name="proKabaddiTest" finished-at="2026-06-08T11:44:37 IST" duration-ms="3205" status="PASS">
          <reporter-output>
          </reporter-output>
        </test-method> <!-- proKabaddiTest -->
      </class> <!-- SampleModulePack.AkshayproKabbadiTest -->
    </test> <!-- Default test -->
  </suite> <!-- Default suite -->
</testng-results>
